<?xml version="1.0" encoding="UTF-8"?>
<!-- Generated by org.testng.reporters.JUnitXMLReporter -->
<testsuite ignored="22" hostname="DESKTOP-POD63J8" failures="1" tests="3" name="Test2" time="116.209" errors="0" timestamp="2021-03-02T12:41:17 IST">
  <testcase classname="Tests.AirbnbTests1" name="test2" time="66.196">
    <failure type="java.lang.AssertionError" message="expected [Stay in Bengaluru] but found [Stays in Bengaluru]">
      <![CDATA[java.lang.AssertionError: expected [Stay in Bengaluru] but found [Stays in Bengaluru]
at Tests.AirbnbTests1.test2(AirbnbTests1.java:64)
at java.base/java.util.concurrent.ThreadPoolExecutor.runWorker(ThreadPoolExecutor.java:1128)
at java.base/java.util.concurrent.ThreadPoolExecutor$Worker.run(ThreadPoolExecutor.java:628)
at java.base/java.lang.Thread.run(Thread.java:834)
... Removed 17 stack frames]]>
    </failure>
  </testcase> <!-- test2 -->
  <testcase classname="Tests.AirbnbTests1" name="test1" time="90.133"/>
  <testcase classname="Tests.AirbnbTests1" name="test4" time="91.962"/>
  <testcase classname="Tests.AirbnbTests1" name="test15" time="0.0">
    <ignored/>
  </testcase> <!-- test15 -->
  <testcase classname="Tests.AirbnbTests1" name="test5" time="0.0">
    <ignored/>
  </testcase> <!-- test5 -->
  <testcase classname="Tests.AirbnbTests1" name="test3" time="0.0">
    <ignored/>
  </testcase> <!-- test3 -->
  <testcase classname="Tests.AirbnbTests1" name="test9" time="0.0">
    <ignored/>
  </testcase> <!-- test9 -->
  <testcase classname="Tests.AirbnbTests1" name="test6" time="0.0">
    <ignored/>
  </testcase> <!-- test6 -->
  <testcase classname="Tests.AirbnbTests1" name="test7" time="0.0">
    <ignored/>
  </testcase> <!-- test7 -->
  <testcase classname="Tests.AirbnbTests1" name="test19" time="0.0">
    <ignored/>
  </testcase> <!-- test19 -->
  <testcase classname="Tests.AirbnbTests1" name="test8" time="0.0">
    <ignored/>
  </testcase> <!-- test8 -->
  <testcase classname="Tests.AirbnbTests1" name="test17" time="0.0">
    <ignored/>
  </testcase> <!-- test17 -->
  <testcase classname="Tests.AirbnbTests1" name="test18" time="0.0">
    <ignored/>
  </testcase> <!-- test18 -->
  <testcase classname="Tests.AirbnbTests1" name="test13" time="0.0">
    <ignored/>
  </testcase> <!-- test13 -->
  <testcase classname="Tests.AirbnbTests1" name="test24" time="0.0">
    <ignored/>
  </testcase> <!-- test24 -->
  <testcase classname="Tests.AirbnbTests1" name="test16" time="0.0">
    <ignored/>
  </testcase> <!-- test16 -->
  <testcase classname="Tests.AirbnbTests1" name="test11" time="0.0">
    <ignored/>
  </testcase> <!-- test11 -->
  <testcase classname="Tests.AirbnbTests1" name="test22" time="0.0">
    <ignored/>
  </testcase> <!-- test22 -->
  <testcase classname="Tests.AirbnbTests1" name="test14" time="0.0">
    <ignored/>
  </testcase> <!-- test14 -->
  <testcase classname="Tests.AirbnbTests1" name="test25" time="0.0">
    <ignored/>
  </testcase> <!-- test25 -->
  <testcase classname="Tests.AirbnbTests1" name="test20" time="0.0">
    <ignored/>
  </testcase> <!-- test20 -->
  <testcase classname="Tests.AirbnbTests1" name="test12" time="0.0">
    <ignored/>
  </testcase> <!-- test12 -->
  <testcase classname="Tests.AirbnbTests1" name="test23" time="0.0">
    <ignored/>
  </testcase> <!-- test23 -->
  <testcase classname="Tests.AirbnbTests1" name="test10" time="0.0">
    <ignored/>
  </testcase> <!-- test10 -->
  <testcase classname="Tests.AirbnbTests1" name="test21" time="0.0">
    <ignored/>
  </testcase> <!-- test21 -->
</testsuite> <!-- Test2 -->
