<?xml version="1.0" encoding="UTF-8"?>
<testng-results skipped="0" failed="0" ignored="0" total="1" passed="1">
  <reporter-output>
  </reporter-output>
  <suite name="Airbnb Test" duration-ms="13486" started-at="2021-04-08T10:05:08 IST" finished-at="2021-04-08T10:05:22 IST">
    <groups>
    </groups>
    <test name="Test1" duration-ms="13486" started-at="2021-04-08T10:05:08 IST" finished-at="2021-04-08T10:05:22 IST">
      <class name="Tests.Test1">
        <test-method status="PASS" signature="intializeReport(java.lang.String)[pri:0, instance:Tests.Test1@544a2ea6]" name="intializeReport" is-config="true" duration-ms="408" started-at="2021-04-08T10:05:08 IST" finished-at="2021-04-08T10:05:09 IST">
          <params>
            <param index="0">
              <value>
                <![CDATA[chrome]]>
              </value>
            </param>
          </params>
          <reporter-output>
          </reporter-output>
        </test-method> <!-- intializeReport -->
        <test-method status="PASS" signature="LaunchApplication(java.lang.String)[pri:0, instance:Tests.Test1@544a2ea6]" name="LaunchApplication" is-config="true" duration-ms="7393" started-at="2021-04-08T10:05:09 IST" finished-at="2021-04-08T10:05:16 IST">
          <params>
            <param index="0">
              <value>
                <![CDATA[chrome]]>
              </value>
            </param>
          </params>
          <reporter-output>
          </reporter-output>
        </test-method> <!-- LaunchApplication -->
        <test-method status="PASS" signature="test1()[pri:0, instance:Tests.Test1@544a2ea6]" name="test1" duration-ms="4731" started-at="2021-04-08T10:05:16 IST" finished-at="2021-04-08T10:05:21 IST">
          <reporter-output>
          </reporter-output>
        </test-method> <!-- test1 -->
        <test-method status="PASS" signature="tearDown()[pri:0, instance:Tests.Test1@544a2ea6]" name="tearDown" is-config="true" duration-ms="876" started-at="2021-04-08T10:05:21 IST" finished-at="2021-04-08T10:05:22 IST">
          <reporter-output>
          </reporter-output>
        </test-method> <!-- tearDown -->
      </class> <!-- Tests.Test1 -->
    </test> <!-- Test1 -->
  </suite> <!-- Airbnb Test -->
</testng-results>
